<?xml version="1.0" encoding="UTF-8"?>
<testng-results ignored="0" total="1" passed="1" failed="0" skipped="0">
  <reporter-output>
  </reporter-output>
  <suite started-at="2025-10-13T21:57:19 SAST" name="Default suite" finished-at="2025-10-13T21:57:28 SAST" duration-ms="8737">
    <groups>
      <group name="cucumber">
        <method signature="AbstractTestNGCucumberTests.runScenario(io.cucumber.testng.PickleWrapper,io.cucumber.testng.FeatureWrapper)[pri:0, instance:com.otptest.runners.TestRunner@2d1ef81a]" name="runScenario" class="io.cucumber.testng.AbstractTestNGCucumberTests"/>
      </group> <!-- cucumber -->
    </groups>
    <test started-at="2025-10-13T21:57:19 SAST" name="Default test" finished-at="2025-10-13T21:57:28 SAST" duration-ms="8737">
      <class name="com.otptest.runners.TestRunner">
        <test-method is-config="true" signature="setUpClass(org.testng.ITestContext)[pri:0, instance:com.otptest.runners.TestRunner@2d1ef81a]" started-at="2025-10-13T21:57:19 SAST" name="setUpClass" finished-at="2025-10-13T21:57:20 SAST" duration-ms="367" status="PASS">
          <params>
            <param index="0">
              <value>
                <![CDATA[org.testng.TestRunner@49fe3142]]>
              </value>
            </param>
          </params>
          <reporter-output>
          </reporter-output>
        </test-method> <!-- setUpClass -->
        <test-method signature="runScenario(io.cucumber.testng.PickleWrapper,io.cucumber.testng.FeatureWrapper)[pri:0, instance:com.otptest.runners.TestRunner@2d1ef81a]" started-at="2025-10-13T21:57:20 SAST" name="runScenario" description="Runs Cucumber Scenarios" data-provider="scenarios" finished-at="2025-10-13T21:57:28 SAST" duration-ms="8232" status="PASS">
          <params>
            <param index="0">
              <value>
                <![CDATA["Successful completion of the full business registration journey"]]>
              </value>
            </param>
            <param index="1">
              <value>
                <![CDATA["Complete Business Registration for Spaza Shop"]]>
              </value>
            </param>
          </params>
          <reporter-output>
          </reporter-output>
        </test-method> <!-- runScenario -->
        <test-method is-config="true" signature="tearDownClass()[pri:0, instance:com.otptest.runners.TestRunner@2d1ef81a]" started-at="2025-10-13T21:57:28 SAST" name="tearDownClass" finished-at="2025-10-13T21:57:28 SAST" duration-ms="103" status="PASS">
          <reporter-output>
          </reporter-output>
        </test-method> <!-- tearDownClass -->
      </class> <!-- com.otptest.runners.TestRunner -->
    </test> <!-- Default test -->
  </suite> <!-- Default suite -->
</testng-results>
